<?xml version="1.0" encoding="UTF-8"?>
<!-- Generated by org.testng.reporters.JUnitReportReporter -->
<testsuite hostname="DESKTOP-27QSGA0" failures="0" tests="1" name="TestCaseExecution.ExecutionClass" time="99.288" errors="0" timestamp="2024-06-03T11:00:53 IST" skipped="0">
  <testcase classname="TestCaseExecution.ExecutionClass" name="execute" time="99.288"/>
  <system-out/>
</testsuite> <!-- TestCaseExecution.ExecutionClass -->
